
> resofeed-web@0.0.0-contract test:e2e
> playwright test --config ./playwright.config.ts --project=chromium-ci-safe source-ledger-navigation-regression.expected-red.spec.ts

(node:80103) [DEP0205] DeprecationWarning: `module.register()` is deprecated. Use `module.registerHooks()` instead.
(Use `node --trace-deprecation ...` to show where the warning was created)

> resofeed-web@0.0.0-contract build
> vite build

vite v6.4.2 building SSR bundle for production...
transforming...
✓ 153 modules transformed.
rendering chunks...
vite v6.4.2 building for production...
transforming...
✓ 165 modules transformed.
rendering chunks...
computing gzip size...
.svelte-kit/output/client/_app/version.json                        0.03 kB │ gzip:  0.05 kB
.svelte-kit/output/client/.vite/manifest.json                      2.81 kB │ gzip:  0.56 kB
.svelte-kit/output/client/_app/immutable/assets/0.CRUh-Es1.css    14.48 kB │ gzip:  3.11 kB
.svelte-kit/output/client/_app/immutable/entry/start.D5bpI7ut.js   0.08 kB │ gzip:  0.09 kB
.svelte-kit/output/client/_app/immutable/nodes/0.RZjEJM75.js       0.49 kB │ gzip:  0.34 kB
.svelte-kit/output/client/_app/immutable/nodes/1.uSMx6Y4y.js       0.54 kB │ gzip:  0.35 kB
.svelte-kit/output/client/_app/immutable/chunks/CkeAzD5l.js        1.32 kB │ gzip:  0.73 kB
.svelte-kit/output/client/_app/immutable/chunks/Dep_KIuN.js        1.69 kB │ gzip:  0.93 kB
.svelte-kit/output/client/_app/immutable/chunks/CmUF-ws-.js        2.29 kB │ gzip:  1.01 kB
.svelte-kit/output/client/_app/immutable/entry/app.CJspNU8t.js     6.15 kB │ gzip:  2.86 kB
.svelte-kit/output/client/_app/immutable/chunks/DXP6PDVy.js        8.51 kB │ gzip:  3.63 kB
.svelte-kit/output/client/_app/immutable/chunks/CXUAnEEd.js       33.10 kB │ gzip: 12.90 kB
.svelte-kit/output/client/_app/immutable/chunks/Bd18Qkx8.js       38.21 kB │ gzip: 14.03 kB
.svelte-kit/output/client/_app/immutable/nodes/2.DdBtliT-.js      52.94 kB │ gzip: 18.57 kB
✓ built in 306ms
.svelte-kit/output/server/.vite/manifest.json                           3.03 kB
.svelte-kit/output/server/_app/immutable/assets/_layout.FfqwrVJs.css   14.33 kB
.svelte-kit/output/server/entries/pages/_layout.ts.js                   0.05 kB
.svelte-kit/output/server/chunks/false.js                               0.05 kB
.svelte-kit/output/server/entries/pages/_layout.svelte.js               0.17 kB
.svelte-kit/output/server/internal.js                                   0.35 kB
.svelte-kit/output/server/chunks/environment.js                         0.62 kB
.svelte-kit/output/server/chunks/utils.js                               1.09 kB
.svelte-kit/output/server/entries/fallbacks/error.svelte.js             1.38 kB
.svelte-kit/output/server/chunks/render-context.js                      1.93 kB
.svelte-kit/output/server/chunks/internal.js                            3.19 kB
.svelte-kit/output/server/chunks/exports.js                             6.97 kB
.svelte-kit/output/server/remote-entry.js                              30.50 kB
.svelte-kit/output/server/chunks/shared.js                             34.24 kB
.svelte-kit/output/server/chunks/renderer.js                           36.75 kB
.svelte-kit/output/server/entries/pages/_page.svelte.js                38.36 kB
.svelte-kit/output/server/chunks/root.js                               83.61 kB
.svelte-kit/output/server/index.js                                    130.64 kB
✓ built in 1.09s

Run npm run preview to preview your production build locally.

> Using @sveltejs/adapter-static
  Wrote site to "build"
  ✔ done

Running 5 tests using 1 worker

(node:80191) [DEP0205] DeprecationWarning: `module.register()` is deprecated. Use `module.registerHooks()` instead.
(Use `node --trace-deprecation ...` to show where the warning was created)
  ✓  1 [chromium-ci-safe] › tests/e2e/source-ledger-navigation-regression.expected-red.spec.ts:102:3 › source-ledger-navigation-regression expected-red contract › root app chrome exposes a visible keyboard-reachable unobstructed SOURCE LEDGER entry after owner-token acceptance (419ms)
  ✓  2 [chromium-ci-safe] › tests/e2e/source-ledger-navigation-regression.expected-red.spec.ts:121:3 › source-ledger-navigation-regression expected-red contract › clicking SOURCE LEDGER opens the documented flat ledger surface without forbidden source-management concepts (275ms)
  ✓  3 [chromium-ci-safe] › tests/e2e/source-ledger-navigation-regression.expected-red.spec.ts:136:5 › source-ledger-navigation-regression expected-red contract › direct navigation to /source-ledger opens SOURCE LEDGER after token acceptance (220ms)
  ✓  4 [chromium-ci-safe] › tests/e2e/source-ledger-navigation-regression.expected-red.spec.ts:136:5 › source-ledger-navigation-regression expected-red contract › direct navigation to /source opens SOURCE LEDGER after token acceptance (207ms)
  ✓  5 [chromium-ci-safe] › tests/e2e/source-ledger-navigation-regression.expected-red.spec.ts:136:5 › source-ledger-navigation-regression expected-red contract › direct navigation to /sources opens SOURCE LEDGER after token acceptance (208ms)

  5 passed (5.7s)
