
> resofeed-web@0.0.0-contract build
> vite build

▲ [WARNING] Cannot find base config file "./.svelte-kit/tsconfig.json" [tsconfig.json]

    tsconfig.json:2:13:
      2 │   "extends": "./.svelte-kit/tsconfig.json",
        ╵              ~~~~~~~~~~~~~~~~~~~~~~~~~~~~~

vite v6.4.2 building SSR bundle for production...
transforming...
✓ 155 modules transformed.
rendering chunks...
vite v6.4.2 building for production...
transforming...
✓ 167 modules transformed.
rendering chunks...
computing gzip size...
.svelte-kit/output/client/_app/version.json                         0.03 kB │ gzip:  0.05 kB
.svelte-kit/output/client/.vite/manifest.json                       2.81 kB │ gzip:  0.56 kB
.svelte-kit/output/client/_app/immutable/assets/0.CINZNRJE.css     28.56 kB │ gzip:  5.10 kB
.svelte-kit/output/client/_app/immutable/entry/start.BPqfAfq_.js    0.08 kB │ gzip:  0.09 kB
.svelte-kit/output/client/_app/immutable/nodes/0.BwInPy_4.js        0.49 kB │ gzip:  0.34 kB
.svelte-kit/output/client/_app/immutable/nodes/1.DdVA49Am.js        0.54 kB │ gzip:  0.34 kB
.svelte-kit/output/client/_app/immutable/chunks/BdyGKox4.js         1.32 kB │ gzip:  0.73 kB
.svelte-kit/output/client/_app/immutable/chunks/DoJSQfNp.js         1.69 kB │ gzip:  0.94 kB
.svelte-kit/output/client/_app/immutable/chunks/D2c8ttWm.js         2.29 kB │ gzip:  1.01 kB
.svelte-kit/output/client/_app/immutable/entry/app.BtcZq-rG.js      6.15 kB │ gzip:  2.86 kB
.svelte-kit/output/client/_app/immutable/chunks/kH4vaPyF.js         8.51 kB │ gzip:  3.63 kB
.svelte-kit/output/client/_app/immutable/chunks/DJuPrp6c.js        33.10 kB │ gzip: 12.90 kB
.svelte-kit/output/client/_app/immutable/chunks/DaVcBp4o.js        38.26 kB │ gzip: 14.05 kB
.svelte-kit/output/client/_app/immutable/nodes/2.BRKqaLVp.js      115.24 kB │ gzip: 37.24 kB
✓ built in 449ms
.svelte-kit/output/server/.vite/manifest.json                           3.03 kB
.svelte-kit/output/server/_app/immutable/assets/_layout.BFerajlX.css   28.47 kB
.svelte-kit/output/server/entries/pages/_layout.ts.js                   0.05 kB
.svelte-kit/output/server/chunks/false.js                               0.05 kB
.svelte-kit/output/server/entries/pages/_layout.svelte.js               0.17 kB
.svelte-kit/output/server/internal.js                                   0.35 kB
.svelte-kit/output/server/chunks/environment.js                         0.62 kB
.svelte-kit/output/server/chunks/utils.js                               1.09 kB
.svelte-kit/output/server/entries/fallbacks/error.svelte.js             1.38 kB
.svelte-kit/output/server/chunks/render-context.js                      1.93 kB
.svelte-kit/output/server/chunks/internal.js                            3.19 kB
.svelte-kit/output/server/chunks/exports.js                             6.97 kB
.svelte-kit/output/server/remote-entry.js                              30.50 kB
.svelte-kit/output/server/chunks/shared.js                             34.24 kB
.svelte-kit/output/server/chunks/renderer.js                           36.75 kB
.svelte-kit/output/server/chunks/root.js                               83.61 kB
.svelte-kit/output/server/entries/pages/_page.svelte.js                91.46 kB
.svelte-kit/output/server/index.js                                    130.64 kB
✓ built in 1.39s

Run npm run preview to preview your production build locally.

> Using @sveltejs/adapter-static
  Wrote site to "build"
  ✔ done
